<?xml version="1.0" encoding="UTF-8"?>
<!-- Generated by org.testng.reporters.JUnitReportReporter -->
<testsuite hostname="DESKTOP-9S6H9Q2" failures="0" tests="4" name="LoginTestUsingDataProvider.TestNGDataProvider" time="67.729" errors="0" timestamp="2023-05-26T13:17:39 IST" skipped="0">
  <testcase classname="LoginTestUsingDataProvider.TestNGDataProvider" name="login" time="20.044"/>
  <system-out/>
  <testcase classname="LoginTestUsingDataProvider.TestNGDataProvider" name="login" time="17.807"/>
  <system-out/>
  <testcase classname="LoginTestUsingDataProvider.TestNGDataProvider" name="login" time="15.738"/>
  <system-out/>
  <testcase classname="LoginTestUsingDataProvider.TestNGDataProvider" name="login" time="14.140"/>
  <system-out/>
</testsuite> <!-- LoginTestUsingDataProvider.TestNGDataProvider -->
