<?xml version="1.0" encoding="UTF-8"?>
<!-- Generated by org.testng.reporters.JUnitReportReporter -->
<testsuite hostname="DESKTOP-9S6H9Q2" failures="0" tests="1" name="loginTestCase.LoginWithBothCorrect" time="33.652" errors="0" timestamp="2023-05-26T11:17:44 IST" skipped="0">
  <testcase classname="loginTestCase.LoginWithBothCorrect" name="bothCorrect" time="33.652"/>
  <system-out/>
</testsuite> <!-- loginTestCase.LoginWithBothCorrect -->
