<?xml version="1.0" encoding="UTF-8"?>
<!-- Generated by org.testng.reporters.JUnitReportReporter -->
<testsuite hostname="DESKTOP-9S6H9Q2" failures="0" tests="4" name="loginUsingDataProviderAndJXLJar.UsingDataProviderAndJXLJar" time="19.778" errors="0" timestamp="2023-05-26T14:50:29 IST" skipped="0">
  <testcase classname="loginUsingDataProviderAndJXLJar.UsingDataProviderAndJXLJar" name="login" time="6.102"/>
  <system-out/>
  <testcase classname="loginUsingDataProviderAndJXLJar.UsingDataProviderAndJXLJar" name="login" time="7.536"/>
  <system-out/>
  <testcase classname="loginUsingDataProviderAndJXLJar.UsingDataProviderAndJXLJar" name="login" time="2.642"/>
  <system-out/>
  <testcase classname="loginUsingDataProviderAndJXLJar.UsingDataProviderAndJXLJar" name="login" time="3.498"/>
  <system-out/>
</testsuite> <!-- loginUsingDataProviderAndJXLJar.UsingDataProviderAndJXLJar -->
